Determining if the pthread_create exist failed with the following output:
Change Dir: /home/xie/桌面/ros_template/build/CMakeFiles/CMakeTmp

Run Build Command:"/usr/bin/make" "cmTC_81f3e/fast"
/usr/bin/make -f CMakeFiles/cmTC_81f3e.dir/build.make CMakeFiles/cmTC_81f3e.dir/build
make[1]: 进入目录“/home/xie/桌面/ros_template/build/CMakeFiles/CMakeTmp”
Building C object CMakeFiles/cmTC_81f3e.dir/CheckSymbolExists.c.o
/usr/bin/gcc    -o CMakeFiles/cmTC_81f3e.dir/CheckSymbolExists.c.o   -c /home/xie/桌面/ros_template/build/CMakeFiles/CMakeTmp/CheckSymbolExists.c
Linking C executable cmTC_81f3e
/usr/bin/cmake -E cmake_link_script CMakeFiles/cmTC_81f3e.dir/link.txt --verbose=1
/usr/bin/gcc      -rdynamic CMakeFiles/cmTC_81f3e.dir/CheckSymbolExists.c.o  -o cmTC_81f3e 
CMakeFiles/cmTC_81f3e.dir/CheckSymbolExists.c.o：在函数‘main’中：
CheckSymbolExists.c:(.text+0x1b)：对‘pthread_create’未定义的引用
collect2: error: ld returned 1 exit status
CMakeFiles/cmTC_81f3e.dir/build.make:97: recipe for target 'cmTC_81f3e' failed
make[1]: *** [cmTC_81f3e] Error 1
make[1]: 离开目录“/home/xie/桌面/ros_template/build/CMakeFiles/CMakeTmp”
Makefile:126: recipe for target 'cmTC_81f3e/fast' failed
make: *** [cmTC_81f3e/fast] Error 2

File /home/xie/桌面/ros_template/build/CMakeFiles/CMakeTmp/CheckSymbolExists.c:
/* */
#include <pthread.h>

int main(int argc, char** argv)
{
  (void)argv;
#ifndef pthread_create
  return ((int*)(&pthread_create))[argc];
#else
  (void)argc;
  return 0;
#endif
}

Determining if the function pthread_create exists in the pthreads failed with the following output:
Change Dir: /home/xie/桌面/ros_template/build/CMakeFiles/CMakeTmp

Run Build Command:"/usr/bin/make" "cmTC_859a9/fast"
/usr/bin/make -f CMakeFiles/cmTC_859a9.dir/build.make CMakeFiles/cmTC_859a9.dir/build
make[1]: 进入目录“/home/xie/桌面/ros_template/build/CMakeFiles/CMakeTmp”
Building C object CMakeFiles/cmTC_859a9.dir/CheckFunctionExists.c.o
/usr/bin/gcc   -DCHECK_FUNCTION_EXISTS=pthread_create   -o CMakeFiles/cmTC_859a9.dir/CheckFunctionExists.c.o   -c /usr/share/cmake-3.10/Modules/CheckFunctionExists.c
Linking C executable cmTC_859a9
/usr/bin/cmake -E cmake_link_script CMakeFiles/cmTC_859a9.dir/link.txt --verbose=1
/usr/bin/gcc  -DCHECK_FUNCTION_EXISTS=pthread_create    -rdynamic CMakeFiles/cmTC_859a9.dir/CheckFunctionExists.c.o  -o cmTC_859a9 -lpthreads 
/usr/bin/ld: 找不到 -lpthreads
collect2: error: ld returned 1 exit status
CMakeFiles/cmTC_859a9.dir/build.make:97: recipe for target 'cmTC_859a9' failed
make[1]: *** [cmTC_859a9] Error 1
make[1]: 离开目录“/home/xie/桌面/ros_template/build/CMakeFiles/CMakeTmp”
Makefile:126: recipe for target 'cmTC_859a9/fast' failed
make: *** [cmTC_859a9/fast] Error 2


